<?xml version="1.0" encoding="UTF-8"?>
<!-- Generated by org.testng.reporters.JUnitXMLReporter -->
<testsuite ignored="1" hostname="DESKTOP-71O6IGN" failures="0" tests="2" name="Default test" time="7.792" errors="0" timestamp="2025-05-05T02:12:52 EET">
  <testcase classname="sumyalesson1.hello" name="SelectTag" time="0.379"/>
  <testcase classname="sumyalesson1.hello" name="CheckBoxTest" time="0.177"/>
  <testcase classname="sumyalesson1.hello" name="autoCompleteTest" time="0.0">
    <ignored/>
  </testcase> <!-- autoCompleteTest -->
</testsuite> <!-- Default test -->
