<?xml version="1.0" encoding="UTF-8"?>
<testng-results ignored="1" total="3" passed="2" failed="0" skipped="0">
  <reporter-output>
  </reporter-output>
  <suite started-at="2025-05-05T02:12:44 EET" name="Default suite" finished-at="2025-05-05T02:12:52 EET" duration-ms="7792">
    <groups>
    </groups>
    <test started-at="2025-05-05T02:12:44 EET" name="Default test" finished-at="2025-05-05T02:12:52 EET" duration-ms="7792">
      <class name="sumyalesson1.hello">
        <test-method is-config="true" signature="mySetup()[pri:0, instance:sumyalesson1.hello@4c550889]" started-at="2025-05-05T02:12:44 EET" name="mySetup" finished-at="2025-05-05T02:12:51 EET" duration-ms="7099" status="PASS">
          <reporter-output>
          </reporter-output>
        </test-method> <!-- mySetup -->
        <test-method signature="SelectTag()[pri:2, instance:sumyalesson1.hello@4c550889]" started-at="2025-05-05T02:12:51 EET" name="SelectTag" finished-at="2025-05-05T02:12:52 EET" duration-ms="379" status="PASS">
          <reporter-output>
          </reporter-output>
        </test-method> <!-- SelectTag -->
        <test-method signature="CheckBoxTest()[pri:3, instance:sumyalesson1.hello@4c550889]" started-at="2025-05-05T02:12:52 EET" name="CheckBoxTest" finished-at="2025-05-05T02:12:52 EET" duration-ms="177" status="PASS">
          <reporter-output>
          </reporter-output>
        </test-method> <!-- CheckBoxTest -->
      </class> <!-- sumyalesson1.hello -->
    </test> <!-- Default test -->
  </suite> <!-- Default suite -->
</testng-results>
