<?xml version="1.0" encoding="UTF-8"?>
<testng-results ignored="2" total="6" passed="4" failed="0" skipped="0">
  <reporter-output>
  </reporter-output>
  <suite started-at="2025-05-02T19:42:57 EET" name="Default suite" finished-at="2025-05-02T19:43:02 EET" duration-ms="5496">
    <groups>
    </groups>
    <test started-at="2025-05-02T19:42:57 EET" name="Default test" finished-at="2025-05-02T19:43:02 EET" duration-ms="5496">
      <class name="sumyalesson1.myTest">
        <test-method is-config="true" signature="mySetup()[pri:0, instance:sumyalesson1.myTest@65fe9e33]" started-at="2025-05-02T19:42:57 EET" name="mySetup" finished-at="2025-05-02T19:42:58 EET" duration-ms="1267" status="PASS">
          <reporter-output>
          </reporter-output>
        </test-method> <!-- mySetup -->
        <test-method signature="login()[pri:1, instance:sumyalesson1.myTest@65fe9e33]" started-at="2025-05-02T19:42:58 EET" name="login" finished-at="2025-05-02T19:42:58 EET" duration-ms="555" status="PASS">
          <reporter-output>
          </reporter-output>
        </test-method> <!-- login -->
        <test-method signature="AddAllItems()[pri:2, instance:sumyalesson1.myTest@65fe9e33]" started-at="2025-05-02T19:42:58 EET" name="AddAllItems" finished-at="2025-05-02T19:42:59 EET" duration-ms="519" status="PASS">
          <reporter-output>
          </reporter-output>
        </test-method> <!-- AddAllItems -->
        <test-method signature="RemoveAllItems()[pri:3, instance:sumyalesson1.myTest@65fe9e33]" started-at="2025-05-02T19:42:59 EET" name="RemoveAllItems" finished-at="2025-05-02T19:43:02 EET" duration-ms="2909" status="PASS">
          <reporter-output>
          </reporter-output>
        </test-method> <!-- RemoveAllItems -->
        <test-method signature="Task()[pri:4, instance:sumyalesson1.myTest@65fe9e33]" started-at="2025-05-02T19:43:02 EET" name="Task" finished-at="2025-05-02T19:43:02 EET" duration-ms="145" status="PASS">
          <reporter-output>
          </reporter-output>
        </test-method> <!-- Task -->
        <test-method is-config="true" signature="myAfterTest()[pri:0, instance:sumyalesson1.myTest@65fe9e33]" started-at="2025-05-02T19:43:02 EET" name="myAfterTest" finished-at="2025-05-02T19:43:02 EET" duration-ms="2" status="PASS">
          <reporter-output>
          </reporter-output>
        </test-method> <!-- myAfterTest -->
      </class> <!-- sumyalesson1.myTest -->
    </test> <!-- Default test -->
  </suite> <!-- Default suite -->
</testng-results>
